# JRE version: Java(TM) SE Runtime Environment (8.0_60-b27) (build 1.8.0_60-b27)
# Java VM: Java HotSpot(TM) 64-Bit Server VM (25.60-b23 mixed mode windows-amd64 compressed oops)
Heap:
 PSYoungGen      total 76288K, used 52237K [0x000000076af00000, 0x0000000773080000, 0x00000007c0000000)
  eden space 65536K, 63% used [0x000000076af00000,0x000000076d784fb8,0x000000076ef00000)
  from space 10752K, 99% used [0x000000076ef00000,0x000000076f97e570,0x000000076f980000)
  to   space 10752K, 0% used [0x0000000772600000,0x0000000772600000,0x0000000773080000)
 ParOldGen       total 131072K, used 16047K [0x00000006c0c00000, 0x00000006c8c00000, 0x000000076af00000)
  object space 131072K, 12% used [0x00000006c0c00000,0x00000006c1babc68,0x00000006c8c00000)
 Metaspace       used 22495K, capacity 23805K, committed 24064K, reserved 1069056K
  class space    used 3208K, capacity 3490K, committed 3584K, reserved 1048576K
GC Heap History (8 events):
Event: 2.125 GC heap before
{Heap before GC invocations=1 (full 0):
 PSYoungGen      total 76288K, used 51909K [0x000000076af00000, 0x0000000770400000, 0x00000007c0000000)
  eden space 65536K, 79% used [0x000000076af00000,0x000000076e1b1558,0x000000076ef00000)
  from space 10752K, 0% used [0x000000076f980000,0x000000076f980000,0x0000000770400000)
  to   space 10752K, 0% used [0x000000076ef00000,0x000000076ef00000,0x000000076f980000)
 ParOldGen       total 175104K, used 0K [0x00000006c0c00000, 0x00000006cb700000, 0x000000076af00000)
  object space 175104K, 0% used [0x00000006c0c00000,0x00000006c0c00000,0x00000006cb700000)
 Metaspace       used 19901K, capacity 21129K, committed 21296K, reserved 1067008K
  class space    used 2943K, capacity 3200K, committed 3200K, reserved 1048576K
Event: 2.131 GC heap after
Heap after GC invocations=1 (full 0):
 PSYoungGen      total 76288K, used 10544K [0x000000076af00000, 0x0000000770400000, 0x00000007c0000000)
  eden space 65536K, 0% used [0x000000076af00000,0x000000076af00000,0x000000076ef00000)
  from space 10752K, 98% used [0x000000076ef00000,0x000000076f94c080,0x000000076f980000)
  to   space 10752K, 0% used [0x000000076f980000,0x000000076f980000,0x0000000770400000)
 ParOldGen       total 175104K, used 2136K [0x00000006c0c00000, 0x00000006cb700000, 0x000000076af00000)
  object space 175104K, 1% used [0x00000006c0c00000,0x00000006c0e16020,0x00000006cb700000)
 Metaspace       used 19901K, capacity 21129K, committed 21296K, reserved 1067008K
  class space    used 2943K, capacity 3200K, committed 3200K, reserved 1048576K
}
Event: 2.131 GC heap before
{Heap before GC invocations=2 (full 1):
 PSYoungGen      total 76288K, used 10544K [0x000000076af00000, 0x0000000770400000, 0x00000007c0000000)
  eden space 65536K, 0% used [0x000000076af00000,0x000000076af00000,0x000000076ef00000)
  from space 10752K, 98% used [0x000000076ef00000,0x000000076f94c080,0x000000076f980000)
  to   space 10752K, 0% used [0x000000076f980000,0x000000076f980000,0x0000000770400000)
 ParOldGen       total 175104K, used 2136K [0x00000006c0c00000, 0x00000006cb700000, 0x000000076af00000)
  object space 175104K, 1% used [0x00000006c0c00000,0x00000006c0e16020,0x00000006cb700000)
 Metaspace       used 19901K, capacity 21129K, committed 21296K, reserved 1067008K
  class space    used 2943K, capacity 3200K, committed 3200K, reserved 1048576K
Event: 2.152 GC heap after
Heap after GC invocations=2 (full 1):
 PSYoungGen      total 76288K, used 0K [0x000000076af00000, 0x0000000770400000, 0x00000007c0000000)
  eden space 65536K, 0% used [0x000000076af00000,0x000000076af00000,0x000000076ef00000)
  from space 10752K, 0% used [0x000000076ef00000,0x000000076ef00000,0x000000076f980000)
  to   space 10752K, 0% used [0x000000076f980000,0x000000076f980000,0x0000000770400000)
 ParOldGen       total 131072K, used 10503K [0x00000006c0c00000, 0x00000006c8c00000, 0x000000076af00000)
  object space 131072K, 8% used [0x00000006c0c00000,0x00000006c1641c68,0x00000006c8c00000)
 Metaspace       used 19901K, capacity 21129K, committed 21296K, reserved 1067008K
  class space    used 2943K, capacity 3200K, committed 3200K, reserved 1048576K
}
Event: 8.011 GC heap before
{Heap before GC invocations=3 (full 1):
 PSYoungGen      total 76288K, used 65536K [0x000000076af00000, 0x0000000770400000, 0x00000007c0000000)
  eden space 65536K, 100% used [0x000000076af00000,0x000000076ef00000,0x000000076ef00000)
  from space 10752K, 0% used [0x000000076ef00000,0x000000076ef00000,0x000000076f980000)
  to   space 10752K, 0% used [0x000000076f980000,0x000000076f980000,0x0000000770400000)
 ParOldGen       total 131072K, used 10503K [0x00000006c0c00000, 0x00000006c8c00000, 0x000000076af00000)
  object space 131072K, 8% used [0x00000006c0c00000,0x00000006c1641c68,0x00000006c8c00000)
 Metaspace       used 21510K, capacity 22801K, committed 23168K, reserved 1069056K
  class space    used 3095K, capacity 3343K, committed 3456K, reserved 1048576K
Event: 8.016 GC heap after
Heap after GC invocations=3 (full 1):
 PSYoungGen      total 76288K, used 9423K [0x000000076af00000, 0x0000000770d80000, 0x00000007c0000000)
  eden space 65536K, 0% used [0x000000076af00000,0x000000076af00000,0x000000076ef00000)
  from space 10752K, 87% used [0x000000076f980000,0x00000007702b3cb8,0x0000000770400000)
  to   space 10752K, 0% used [0x000000076ef00000,0x000000076ef00000,0x000000076f980000)
 ParOldGen       total 131072K, used 10503K [0x00000006c0c00000, 0x00000006c8c00000, 0x000000076af00000)
  object space 131072K, 8% used [0x00000006c0c00000,0x00000006c1641c68,0x00000006c8c00000)
 Metaspace       used 21510K, capacity 22801K, committed 23168K, reserved 1069056K
  class space    used 3095K, capacity 3343K, committed 3456K, reserved 1048576K
}
Event: 8.129 GC heap before
{Heap before GC invocations=4 (full 1):
 PSYoungGen      total 76288K, used 74959K [0x000000076af00000, 0x0000000770d80000, 0x00000007c0000000)
  eden space 65536K, 100% used [0x000000076af00000,0x000000076ef00000,0x000000076ef00000)
  from space 10752K, 87% used [0x000000076f980000,0x00000007702b3cb8,0x0000000770400000)
  to   space 10752K, 0% used [0x000000076ef00000,0x000000076ef00000,0x000000076f980000)
 ParOldGen       total 131072K, used 10503K [0x00000006c0c00000, 0x00000006c8c00000, 0x000000076af00000)
  object space 131072K, 8% used [0x00000006c0c00000,0x00000006c1641c68,0x00000006c8c00000)
 Metaspace       used 21994K, capacity 23223K, committed 23424K, reserved 1069056K
  class space    used 3174K, capacity 3440K, committed 3456K, reserved 1048576K
Event: 8.137 GC heap after
Heap after GC invocations=4 (full 1):
 PSYoungGen      total 76288K, used 10745K [0x000000076af00000, 0x0000000773080000, 0x00000007c0000000)
  eden space 65536K, 0% used [0x000000076af00000,0x000000076af00000,0x000000076ef00000)
  from space 10752K, 99% used [0x000000076ef00000,0x000000076f97e570,0x000000076f980000)
  to   space 10752K, 0% used [0x0000000772600000,0x0000000772600000,0x0000000773080000)
 ParOldGen       total 131072K, used 16047K [0x00000006c0c00000, 0x00000006c8c00000, 0x000000076af00000)
  object space 131072K, 12% used [0x00000006c0c00000,0x00000006c1babc68,0x00000006c8c00000)
 Metaspace       used 21994K, capacity 23223K, committed 23424K, reserved 1069056K
  class space    used 3174K, capacity 3440K, committed 3456K, reserved 1048576K
}

